<?xml version="1.0" encoding="utf-8"?><testsuites name="pytest tests"><testsuite name="pytest" errors="0" failures="0" skipped="1" tests="92" time="123.547" timestamp="2026-06-16T02:09:38.646452+00:00" hostname="agent-env-0bdfcfb2-6c53-465b-b352-88ddf6ca7bac"><testcase classname="tests.backend_test.TestHealth" name="test_root" time="0.222" /><testcase classname="tests.backend_test.TestAuth" name="test_admin_login" time="0.345" /><testcase classname="tests.backend_test.TestAuth" name="test_login_wrong_pw" time="0.331" /><testcase classname="tests.backend_test.TestAuth" name="test_register_and_me" time="0.423" /><testcase classname="tests.backend_test.TestAuth" name="test_register_duplicate" time="0.427" /><testcase classname="tests.backend_test.TestAuth" name="test_protected_without_token" time="0.101" /><testcase classname="tests.backend_test.TestAuth" name="test_logout" time="0.382" /><testcase classname="tests.backend_test.TestSeededAgent" name="test_new_user_has_seeded_agent" time="0.367" /><testcase classname="tests.backend_test.TestSeededAgent" name="test_admin_has_demo_agent" time="0.047" /><testcase classname="tests.backend_test.TestAgents" name="test_create_get_update_delete" time="0.309" /><testcase classname="tests.backend_test.TestMarketplace" name="test_list_templates" time="0.120" /><testcase classname="tests.backend_test.TestMarketplace" name="test_install_template" time="0.119" /><testcase classname="tests.backend_test.TestMarketplace" name="test_install_invalid" time="0.045" /><testcase classname="tests.backend_test.TestPDFUpload" name="test_upload_pdf" time="0.350" /><testcase classname="tests.backend_test.TestPDFUpload" name="test_upload_unsupported_ext_rejected" time="0.088" /><testcase classname="tests.backend_test.TestChat" name="test_chat_sync_returns_reply" time="0.841" /><testcase classname="tests.backend_test.TestChat" name="test_conversation_persists" time="1.463" /><testcase classname="tests.backend_test.TestAnalytics" name="test_summary_fields" time="0.051" /><testcase classname="tests.backend_test.TestCompanyProfile" name="test_default_profile_for_new_user" time="0.046" /><testcase classname="tests.backend_test.TestCompanyProfile" name="test_put_profile_upserts_all_fields" time="0.188" /><testcase classname="tests.backend_test.TestIngestText" name="test_ingest_text_appends" time="0.110" /><testcase classname="tests.backend_test.TestIngestText" name="test_ingest_empty_text_rejected" time="0.099" /><testcase classname="tests.backend_test.TestIngestUrl" name="test_ingest_url_success" time="0.196" /><testcase classname="tests.backend_test.TestIngestUrl" name="test_ingest_bad_url_rejected" time="0.122" /><testcase classname="tests.backend_test.TestMultiFormatUpload" name="test_upload_docx" time="0.396" /><testcase classname="tests.backend_test.TestMultiFormatUpload" name="test_upload_txt" time="0.099" /><testcase classname="tests.backend_test.TestMultiFormatUpload" name="test_upload_unsupported_rejected" time="0.093" /><testcase classname="tests.backend_test.TestOrgTree" name="test_tree_structure_and_reparent" time="0.285" /><testcase classname="tests.backend_test.TestOrgTree" name="test_self_parent_rejected" time="0.146" /><testcase classname="tests.backend_test.TestOrgTree" name="test_invalid_parent_rejected" time="0.210" /><testcase classname="tests.backend_test.TestChatV2Context" name="test_chat_uses_profile_and_team" time="1.614" /><testcase classname="tests.backend_test.TestBruteForceLockout" name="test_lockout_after_5_failures" time="3.087" /><testcase classname="tests.backend_test.TestBilling" name="test_billing_me_default_free" time="0.048" /><testcase classname="tests.backend_test.TestBilling" name="test_checkout_invalid_plan_400" time="0.049" /><testcase classname="tests.backend_test.TestBilling" name="test_checkout_starter_returns_stripe_url" time="0.942" /><testcase classname="tests.backend_test.TestBilling" name="test_status_unknown_session_404" time="0.052" /><testcase classname="tests.backend_test.TestBilling" name="test_status_cross_user_isolation" time="0.824" /><testcase classname="tests.backend_test.TestParseDelegations" name="test_parse_extracts_and_cleans" time="5.499" /><testcase classname="tests.backend_test.TestParseDelegations" name="test_parse_no_delegation" time="0.000" /><testcase classname="tests.backend_test.TestMultiAgentDelegation" name="test_delegation_stitched_in_chat" time="2.486" /><testcase classname="tests.backend_test.TestEmbed" name="test_embed_enable_disable_and_public_chat" time="1.394" /><testcase classname="tests.backend_test.TestWidgetLoader" name="test_widget_js_served" time="0.103" /><testcase classname="tests.backend_test.TestConversationsExplorer" name="test_list_conversations_basic_and_filters" time="0.767" /><testcase classname="tests.backend_test.TestConversationsExplorer" name="test_export_conversation" time="0.608" /><testcase classname="tests.backend_test.TestConversationsExplorer" name="test_delete_conversation_and_isolation" time="1.264" /><testcase classname="tests.backend_test.TestEmbedRateLimit" name="test_per_visitor_40_then_429_other_visitor_ok" time="70.462" /><testcase classname="tests.backend_test.TestEmbedHitsTTL" name="test_ttl_index_exists" time="0.004" /><testcase classname="tests.backend_test.TestIndustries" name="test_list_industries" time="0.137" /><testcase classname="tests.backend_test.TestIndustries" name="test_install_hvac_creates_agents" time="0.197" /><testcase classname="tests.backend_test.TestIndustries" name="test_install_unknown_industry_404" time="0.058" /><testcase classname="tests.backend_test.TestIndustries" name="test_install_merges_profile_without_clobbering" time="0.187" /><testcase classname="tests.backend_test.TestTrial" name="test_new_user_has_14_day_trial" time="0.074" /><testcase classname="tests.backend_test.TestTrial" name="test_paid_plan_returns_9999" time="0.066" /><testcase classname="tests.backend_test.TestPaywall" name="test_trial_expired_blocks_then_paid_unblocks" time="0.761" /><testcase classname="tests.backend_test.TestTeam" name="test_get_team_for_fresh_user" time="0.063" /><testcase classname="tests.backend_test.TestTeam" name="test_invite_member_success_and_persist" time="0.223" /><testcase classname="tests.backend_test.TestTeam" name="test_invite_owner_role_rejected" time="0.047" /><testcase classname="tests.backend_test.TestTeam" name="test_invite_invalid_role_rejected" time="0.048" /><testcase classname="tests.backend_test.TestTeam" name="test_invite_existing_member_rejected" time="0.261" /><testcase classname="tests.backend_test.TestTeam" name="test_remove_member" time="0.155" /><testcase classname="tests.backend_test.TestTeam" name="test_non_admin_cannot_invite" time="0.143" /><testcase classname="tests.backend_test.TestAuditLogs" name="test_audit_log_records_actions" time="0.235" /><testcase classname="tests.backend_test.TestAuditLogs" name="test_audit_log_action_filter" time="0.122" /><testcase classname="tests.backend_test.TestApiKeys" name="test_create_list_use_revoke_flow" time="0.466" /><testcase classname="tests.backend_test.TestApiKeys" name="test_nonexistent_key_returns_401" time="0.113" /><testcase classname="tests.backend_test.TestApiKeys" name="test_revoke_unknown_key_returns_404" time="0.058" /><testcase classname="tests.test_v6_features.TestProfilePassword" name="test_profile_update" time="0.428" /><testcase classname="tests.test_v6_features.TestProfilePassword" name="test_password_wrong_current" time="0.628" /><testcase classname="tests.test_v6_features.TestProfilePassword" name="test_password_too_short" time="0.599" /><testcase classname="tests.test_v6_features.TestProfilePassword" name="test_password_change_then_login" time="1.480" /><testcase classname="tests.test_v6_features.TestForgotReset" name="test_forgot_password_always_200" time="0.104" /><testcase classname="tests.test_v6_features.TestForgotReset" name="test_forgot_then_reset_flow" time="0.447"><skipped type="pytest.skip" message="dev_token not returned (DEV_MODE off)">/app/backend/tests/test_v6_features.py:116: dev_token not returned (DEV_MODE off)</skipped></testcase><testcase classname="tests.test_v6_features.TestNotifications" name="test_list_unread_count" time="0.381" /><testcase classname="tests.test_v6_features.TestNotifications" name="test_mark_read_and_delete_flow" time="0.240" /><testcase classname="tests.test_v6_features.TestSettingsNotifications" name="test_get_returns_defaults_merged" time="0.389" /><testcase classname="tests.test_v6_features.TestSettingsNotifications" name="test_partial_update_merges" time="0.382" /><testcase classname="tests.test_v6_features.TestSearch" name="test_search_returns_dict" time="0.049" /><testcase classname="tests.test_v6_features.TestSearch" name="test_search_type_filter" time="0.049" /><testcase classname="tests.test_v6_features.TestOnboarding" name="test_status_shape" time="0.386" /><testcase classname="tests.test_v6_features.TestOnboarding" name="test_step_advance" time="0.502" /><testcase classname="tests.test_v6_features.TestOnboarding" name="test_skip_marks_completed" time="0.381" /><testcase classname="tests.test_v6_features.TestChief" name="test_get_creates_chief" time="0.048" /><testcase classname="tests.test_v6_features.TestChief" name="test_route_returns_reply" time="14.397" /><testcase classname="tests.test_v6_features.TestDepartments" name="test_crud" time="0.247" /><testcase classname="tests.test_v6_features.TestDepartments" name="test_create_requires_name" time="0.045" /><testcase classname="tests.test_v6_features.TestAgentMetrics" name="test_metrics_shape" time="0.093" /><testcase classname="tests.test_v6_features.TestActivity" name="test_activity_feed_shape" time="0.047" /><testcase classname="tests.test_v6_features.TestIntegrationsRegistry" name="test_six_integrations" time="0.051" /><testcase classname="tests.test_v6_features.TestSessions" name="test_get_sessions" time="0.047" /><testcase classname="tests.test_v6_features.TestAnalyticsSummary" name="test_summary_has_new_fields" time="0.053" /><testcase classname="tests.test_v6_features.TestNotificationSideEffects" name="test_agent_create_inserts_notification" time="0.530" /><testcase classname="tests.test_v6_features.TestAccountDelete" name="test_delete_account_cascades" time="0.602" /></testsuite></testsuites>