<?xml version="1.0" encoding="utf-8"?><testsuites name="pytest tests"><testsuite name="pytest" errors="0" failures="0" skipped="0" tests="66" time="64.727" timestamp="2026-06-16T01:54:02.610583+00:00" hostname="agent-env-0bdfcfb2-6c53-465b-b352-88ddf6ca7bac"><testcase classname="backend.tests.backend_test.TestHealth" name="test_root" time="0.135" /><testcase classname="backend.tests.backend_test.TestAuth" name="test_admin_login" time="0.335" /><testcase classname="backend.tests.backend_test.TestAuth" name="test_login_wrong_pw" time="0.322" /><testcase classname="backend.tests.backend_test.TestAuth" name="test_register_and_me" time="0.472" /><testcase classname="backend.tests.backend_test.TestAuth" name="test_register_duplicate" time="0.488" /><testcase classname="backend.tests.backend_test.TestAuth" name="test_protected_without_token" time="0.102" /><testcase classname="backend.tests.backend_test.TestAuth" name="test_logout" time="0.412" /><testcase classname="backend.tests.backend_test.TestSeededAgent" name="test_new_user_has_seeded_agent" time="0.374" /><testcase classname="backend.tests.backend_test.TestSeededAgent" name="test_admin_has_demo_agent" time="0.050" /><testcase classname="backend.tests.backend_test.TestAgents" name="test_create_get_update_delete" time="0.305" /><testcase classname="backend.tests.backend_test.TestMarketplace" name="test_list_templates" time="0.161" /><testcase classname="backend.tests.backend_test.TestMarketplace" name="test_install_template" time="0.108" /><testcase classname="backend.tests.backend_test.TestMarketplace" name="test_install_invalid" time="0.051" /><testcase classname="backend.tests.backend_test.TestPDFUpload" name="test_upload_pdf" time="0.295" /><testcase classname="backend.tests.backend_test.TestPDFUpload" name="test_upload_unsupported_ext_rejected" time="0.092" /><testcase classname="backend.tests.backend_test.TestChat" name="test_chat_sync_returns_reply" time="0.749" /><testcase classname="backend.tests.backend_test.TestChat" name="test_conversation_persists" time="1.217" /><testcase classname="backend.tests.backend_test.TestAnalytics" name="test_summary_fields" time="0.051" /><testcase classname="backend.tests.backend_test.TestCompanyProfile" name="test_default_profile_for_new_user" time="0.050" /><testcase classname="backend.tests.backend_test.TestCompanyProfile" name="test_put_profile_upserts_all_fields" time="0.194" /><testcase classname="backend.tests.backend_test.TestIngestText" name="test_ingest_text_appends" time="0.094" /><testcase classname="backend.tests.backend_test.TestIngestText" name="test_ingest_empty_text_rejected" time="0.091" /><testcase classname="backend.tests.backend_test.TestIngestUrl" name="test_ingest_url_success" time="0.207" /><testcase classname="backend.tests.backend_test.TestIngestUrl" name="test_ingest_bad_url_rejected" time="0.167" /><testcase classname="backend.tests.backend_test.TestMultiFormatUpload" name="test_upload_docx" time="0.176" /><testcase classname="backend.tests.backend_test.TestMultiFormatUpload" name="test_upload_txt" time="0.093" /><testcase classname="backend.tests.backend_test.TestMultiFormatUpload" name="test_upload_unsupported_rejected" time="0.088" /><testcase classname="backend.tests.backend_test.TestOrgTree" name="test_tree_structure_and_reparent" time="0.302" /><testcase classname="backend.tests.backend_test.TestOrgTree" name="test_self_parent_rejected" time="0.165" /><testcase classname="backend.tests.backend_test.TestOrgTree" name="test_invalid_parent_rejected" time="0.155" /><testcase classname="backend.tests.backend_test.TestChatV2Context" name="test_chat_uses_profile_and_team" time="1.558" /><testcase classname="backend.tests.backend_test.TestBruteForceLockout" name="test_lockout_after_5_failures" time="2.729" /><testcase classname="backend.tests.backend_test.TestBilling" name="test_billing_me_default_free" time="0.047" /><testcase classname="backend.tests.backend_test.TestBilling" name="test_checkout_invalid_plan_400" time="0.046" /><testcase classname="backend.tests.backend_test.TestBilling" name="test_checkout_starter_returns_stripe_url" time="1.158" /><testcase classname="backend.tests.backend_test.TestBilling" name="test_status_unknown_session_404" time="0.045" /><testcase classname="backend.tests.backend_test.TestBilling" name="test_status_cross_user_isolation" time="0.772" /><testcase classname="backend.tests.backend_test.TestParseDelegations" name="test_parse_extracts_and_cleans" time="2.012" /><testcase classname="backend.tests.backend_test.TestParseDelegations" name="test_parse_no_delegation" time="0.000" /><testcase classname="backend.tests.backend_test.TestMultiAgentDelegation" name="test_delegation_stitched_in_chat" time="2.388" /><testcase classname="backend.tests.backend_test.TestEmbed" name="test_embed_enable_disable_and_public_chat" time="1.398" /><testcase classname="backend.tests.backend_test.TestWidgetLoader" name="test_widget_js_served" time="0.105" /><testcase classname="backend.tests.backend_test.TestConversationsExplorer" name="test_list_conversations_basic_and_filters" time="0.657" /><testcase classname="backend.tests.backend_test.TestConversationsExplorer" name="test_export_conversation" time="0.564" /><testcase classname="backend.tests.backend_test.TestConversationsExplorer" name="test_delete_conversation_and_isolation" time="1.459" /><testcase classname="backend.tests.backend_test.TestEmbedRateLimit" name="test_per_visitor_40_then_429_other_visitor_ok" time="39.193" /><testcase classname="backend.tests.backend_test.TestEmbedHitsTTL" name="test_ttl_index_exists" time="0.004" /><testcase classname="backend.tests.backend_test.TestIndustries" name="test_list_industries" time="0.099" /><testcase classname="backend.tests.backend_test.TestIndustries" name="test_install_hvac_creates_agents" time="0.141" /><testcase classname="backend.tests.backend_test.TestIndustries" name="test_install_unknown_industry_404" time="0.048" /><testcase classname="backend.tests.backend_test.TestIndustries" name="test_install_merges_profile_without_clobbering" time="0.143" /><testcase classname="backend.tests.backend_test.TestTrial" name="test_new_user_has_14_day_trial" time="0.045" /><testcase classname="backend.tests.backend_test.TestTrial" name="test_paid_plan_returns_9999" time="0.049" /><testcase classname="backend.tests.backend_test.TestPaywall" name="test_trial_expired_blocks_then_paid_unblocks" time="0.762" /><testcase classname="backend.tests.backend_test.TestTeam" name="test_get_team_for_fresh_user" time="0.047" /><testcase classname="backend.tests.backend_test.TestTeam" name="test_invite_member_success_and_persist" time="0.165" /><testcase classname="backend.tests.backend_test.TestTeam" name="test_invite_owner_role_rejected" time="0.050" /><testcase classname="backend.tests.backend_test.TestTeam" name="test_invite_invalid_role_rejected" time="0.051" /><testcase classname="backend.tests.backend_test.TestTeam" name="test_invite_existing_member_rejected" time="0.175" /><testcase classname="backend.tests.backend_test.TestTeam" name="test_remove_member" time="0.177" /><testcase classname="backend.tests.backend_test.TestTeam" name="test_non_admin_cannot_invite" time="0.110" /><testcase classname="backend.tests.backend_test.TestAuditLogs" name="test_audit_log_records_actions" time="0.180" /><testcase classname="backend.tests.backend_test.TestAuditLogs" name="test_audit_log_action_filter" time="0.089" /><testcase classname="backend.tests.backend_test.TestApiKeys" name="test_create_list_use_revoke_flow" time="0.445" /><testcase classname="backend.tests.backend_test.TestApiKeys" name="test_nonexistent_key_returns_401" time="0.099" /><testcase classname="backend.tests.backend_test.TestApiKeys" name="test_revoke_unknown_key_returns_404" time="0.059" /></testsuite></testsuites>