<?xml version="1.0" encoding="utf-8"?><testsuites name="pytest tests"><testsuite name="pytest" errors="0" failures="0" skipped="0" tests="18" time="5.913" timestamp="2026-06-13T16:20:53.152584+00:00" hostname="agent-env-0bdfcfb2-6c53-465b-b352-88ddf6ca7bac"><testcase classname="backend.tests.backend_test.TestHealth" name="test_root" time="0.205" /><testcase classname="backend.tests.backend_test.TestAuth" name="test_admin_login" time="0.359" /><testcase classname="backend.tests.backend_test.TestAuth" name="test_login_wrong_pw" time="0.366" /><testcase classname="backend.tests.backend_test.TestAuth" name="test_register_and_me" time="0.420" /><testcase classname="backend.tests.backend_test.TestAuth" name="test_register_duplicate" time="0.430" /><testcase classname="backend.tests.backend_test.TestAuth" name="test_protected_without_token" time="0.133" /><testcase classname="backend.tests.backend_test.TestAuth" name="test_logout" time="0.376" /><testcase classname="backend.tests.backend_test.TestSeededAgent" name="test_new_user_has_seeded_agent" time="0.384" /><testcase classname="backend.tests.backend_test.TestSeededAgent" name="test_admin_has_demo_agent" time="0.052" /><testcase classname="backend.tests.backend_test.TestAgents" name="test_create_get_update_delete" time="0.301" /><testcase classname="backend.tests.backend_test.TestMarketplace" name="test_list_templates" time="0.097" /><testcase classname="backend.tests.backend_test.TestMarketplace" name="test_install_template" time="0.111" /><testcase classname="backend.tests.backend_test.TestMarketplace" name="test_install_invalid" time="0.053" /><testcase classname="backend.tests.backend_test.TestPDFUpload" name="test_upload_pdf" time="0.198" /><testcase classname="backend.tests.backend_test.TestPDFUpload" name="test_upload_non_pdf_rejected" time="0.105" /><testcase classname="backend.tests.backend_test.TestChat" name="test_chat_sync_returns_reply" time="0.956" /><testcase classname="backend.tests.backend_test.TestChat" name="test_conversation_persists" time="1.113" /><testcase classname="backend.tests.backend_test.TestAnalytics" name="test_summary_fields" time="0.052" /></testsuite></testsuites>