<?xml version="1.0" encoding="utf-8"?><testsuites name="pytest tests"><testsuite name="pytest" errors="0" failures="0" skipped="1" tests="26" time="18.067" timestamp="2026-06-16T01:58:08.938464+00:00" hostname="agent-env-0bdfcfb2-6c53-465b-b352-88ddf6ca7bac"><testcase classname="backend.tests.test_v6_features.TestProfilePassword" name="test_profile_update" time="0.496" /><testcase classname="backend.tests.test_v6_features.TestProfilePassword" name="test_password_wrong_current" time="0.623" /><testcase classname="backend.tests.test_v6_features.TestProfilePassword" name="test_password_too_short" time="0.587" /><testcase classname="backend.tests.test_v6_features.TestProfilePassword" name="test_password_change_then_login" time="1.432" /><testcase classname="backend.tests.test_v6_features.TestForgotReset" name="test_forgot_password_always_200" time="0.111" /><testcase classname="backend.tests.test_v6_features.TestForgotReset" name="test_forgot_then_reset_flow" time="0.436"><skipped type="pytest.skip" message="dev_token not returned (DEV_MODE off)">/app/backend/tests/test_v6_features.py:116: dev_token not returned (DEV_MODE off)</skipped></testcase><testcase classname="backend.tests.test_v6_features.TestNotifications" name="test_list_unread_count" time="0.388" /><testcase classname="backend.tests.test_v6_features.TestNotifications" name="test_mark_read_and_delete_flow" time="0.272" /><testcase classname="backend.tests.test_v6_features.TestSettingsNotifications" name="test_get_returns_defaults_merged" time="0.383" /><testcase classname="backend.tests.test_v6_features.TestSettingsNotifications" name="test_partial_update_merges" time="0.380" /><testcase classname="backend.tests.test_v6_features.TestSearch" name="test_search_returns_dict" time="0.045" /><testcase classname="backend.tests.test_v6_features.TestSearch" name="test_search_type_filter" time="0.044" /><testcase classname="backend.tests.test_v6_features.TestOnboarding" name="test_status_shape" time="0.416" /><testcase classname="backend.tests.test_v6_features.TestOnboarding" name="test_step_advance" time="0.425" /><testcase classname="backend.tests.test_v6_features.TestOnboarding" name="test_skip_marks_completed" time="0.362" /><testcase classname="backend.tests.test_v6_features.TestChief" name="test_get_creates_chief" time="0.048" /><testcase classname="backend.tests.test_v6_features.TestChief" name="test_route_returns_reply" time="9.892" /><testcase classname="backend.tests.test_v6_features.TestDepartments" name="test_crud" time="0.180" /><testcase classname="backend.tests.test_v6_features.TestDepartments" name="test_create_requires_name" time="0.043" /><testcase classname="backend.tests.test_v6_features.TestAgentMetrics" name="test_metrics_shape" time="0.091" /><testcase classname="backend.tests.test_v6_features.TestActivity" name="test_activity_feed_shape" time="0.045" /><testcase classname="backend.tests.test_v6_features.TestIntegrationsRegistry" name="test_six_integrations" time="0.045" /><testcase classname="backend.tests.test_v6_features.TestSessions" name="test_get_sessions" time="0.044" /><testcase classname="backend.tests.test_v6_features.TestAnalyticsSummary" name="test_summary_has_new_fields" time="0.047" /><testcase classname="backend.tests.test_v6_features.TestNotificationSideEffects" name="test_agent_create_inserts_notification" time="0.499" /><testcase classname="backend.tests.test_v6_features.TestAccountDelete" name="test_delete_account_cascades" time="0.613" /></testsuite></testsuites>